#
# There is insufficient memory for the Java Runtime Environment to continue.
# Native memory allocation (malloc) failed to allocate 801136 bytes. Error detail: Chunk::new
# Possible reasons:
#   The system is out of physical RAM or swap space
#   This process is running with CompressedOops enabled, and the Java Heap may be blocking the growth of the native heap
# Possible solutions:
#   Reduce memory load on the system
#   Increase physical memory or swap space
#   Check if swap backing store is full
#   Decrease Java heap size (-Xmx/-Xms)
#   Decrease number of Java threads
#   Decrease Java thread stack sizes (-Xss)
#   Set larger code cache with -XX:ReservedCodeCacheSize=
#   JVM is running with Unscaled Compressed Oops mode in which the Java heap is
#     placed in the first 4GB address space. The Java Heap base address is the
#     maximum limit for the native heap growth. Please use -XX:HeapBaseMinAddress
#     to set the Java Heap base and to place the Java Heap above 4GB virtual address.
# This output file may be truncated or incomplete.
#
#  Out of Memory Error (arena.cpp:149), pid=2832, tid=468
#
# JRE version: Java(TM) SE Runtime Environment (23.0.1+11) (build 23.0.1+11-39)
# Java VM: Java HotSpot(TM) 64-Bit Server VM (23.0.1+11-39, mixed mode, sharing, tiered, compressed oops, compressed class ptrs, g1 gc, windows-amd64)
# No core dump will be written. Minidumps are not enabled by default on client versions of Windows
#

---------------  S U M M A R Y ------------

Command Line: com.parkiran.Parkiran

Host: 11th Gen Intel(R) Core(TM) i3-1115G4 @ 3.00GHz, 4 cores, 7G,  Windows 10 , 64 bit Build 19041 (10.0.19041.4957)
Time: Fri Nov 22 14:24:53 2024 SE Asia Standard Time elapsed time: 2.911102 seconds (0d 0h 0m 2s)

---------------  T H R E A D  ---------------

Current thread (0x000001a1faabf2a0):  JavaThread "C2 CompilerThread0" daemon [_thread_in_native, id=468, stack(0x0000007082500000,0x0000007082600000) (1024K)]


Current CompileTask:
C2:2911 2937       4       org.springframework.boot.context.properties.source.ConfigurationPropertyName$ElementsParser::parse (234 bytes)

Stack: [0x0000007082500000,0x0000007082600000]
Native frames: (J=compiled Java code, j=interpreted, Vv=VM code, C=native code)
V  [jvm.dll+0x6e08b9]  (no source info available)
V  [jvm.dll+0x87dc83]  (no source info available)
V  [jvm.dll+0x88010e]  (no source info available)
V  [jvm.dll+0x8807e3]  (no source info available)
V  [jvm.dll+0x27aee6]  (no source info available)
V  [jvm.dll+0xbc06f]  (no source info available)
V  [jvm.dll+0xbc2cb]  (no source info available)
V  [jvm.dll+0x3b3a62]  (no source info available)
V  [jvm.dll+0x38a42b]  (no source info available)
V  [jvm.dll+0x38989a]  (no source info available)
V  [jvm.dll+0x244aa1]  (no source info available)
V  [jvm.dll+0x243dff]  (no source info available)
V  [jvm.dll+0x1c33a0]  (no source info available)
V  [jvm.dll+0x253cf1]  (no source info available)
V  [jvm.dll+0x251faa]  (no source info available)
V  [jvm.dll+0x3ee036]  (no source info available)
V  [jvm.dll+0x824f8b]  (no source info available)
V  [jvm.dll+0x6df065]  (no source info available)
C  [ucrtbase.dll+0x21bb2]  (no source info available)
C  [KERNEL32.DLL+0x17374]  (no source info available)
C  [ntdll.dll+0x4cc91]  (no source info available)

Lock stack of current Java thread (top to bottom):


---------------  P R O C E S S  ---------------

Threads class SMR info:
_java_thread_list=0x000001a1c65fbfb0, length=12, elements={
0x000001a1dc4692d0, 0x000001a1faaab740, 0x000001a1faaac560, 0x000001a1faaae5b0,
0x000001a1faab1020, 0x000001a1faab1a80, 0x000001a1faab24e0, 0x000001a1faabf2a0,
0x000001a1faac5260, 0x000001a1c50fe870, 0x000001a1c5104eb0, 0x000001a1c62741f0
}

Java Threads: ( => current thread )
  0x000001a1dc4692d0 JavaThread "main"                              [_thread_in_vm, id=5832, stack(0x0000007081700000,0x0000007081800000) (1024K)]
  0x000001a1faaab740 JavaThread "Reference Handler"          daemon [_thread_blocked, id=1384, stack(0x0000007081f00000,0x0000007082000000) (1024K)]
  0x000001a1faaac560 JavaThread "Finalizer"                  daemon [_thread_blocked, id=10696, stack(0x0000007082000000,0x0000007082100000) (1024K)]
  0x000001a1faaae5b0 JavaThread "Signal Dispatcher"          daemon [_thread_blocked, id=13428, stack(0x0000007082100000,0x0000007082200000) (1024K)]
  0x000001a1faab1020 JavaThread "Attach Listener"            daemon [_thread_blocked, id=3140, stack(0x0000007082200000,0x0000007082300000) (1024K)]
  0x000001a1faab1a80 JavaThread "Service Thread"             daemon [_thread_blocked, id=3612, stack(0x0000007082300000,0x0000007082400000) (1024K)]
  0x000001a1faab24e0 JavaThread "Monitor Deflation Thread"   daemon [_thread_blocked, id=9796, stack(0x0000007082400000,0x0000007082500000) (1024K)]
=>0x000001a1faabf2a0 JavaThread "C2 CompilerThread0"         daemon [_thread_in_native, id=468, stack(0x0000007082500000,0x0000007082600000) (1024K)]
  0x000001a1faac5260 JavaThread "C1 CompilerThread0"         daemon [_thread_blocked, id=11060, stack(0x0000007082600000,0x0000007082700000) (1024K)]
  0x000001a1c50fe870 JavaThread "Notification Thread"        daemon [_thread_blocked, id=10536, stack(0x0000007082700000,0x0000007082800000) (1024K)]
  0x000001a1c5104eb0 JavaThread "Common-Cleaner"             daemon [_thread_blocked, id=7520, stack(0x0000007082800000,0x0000007082900000) (1024K)]
  0x000001a1c62741f0 JavaThread "C2 CompilerThread1"         daemon [_thread_blocked, id=11172, stack(0x0000007082c00000,0x0000007082d00000) (1024K)]
Total: 12

Other Threads:
  0x000001a1faa91d40 VMThread "VM Thread"                           [id=4832, stack(0x0000007081e00000,0x0000007081f00000) (1024K)]
  0x000001a1faa80bd0 WatcherThread "VM Periodic Task Thread"        [id=13236, stack(0x0000007081d00000,0x0000007081e00000) (1024K)]
  0x000001a1de801660 WorkerThread "GC Thread#0"                     [id=3968, stack(0x0000007081800000,0x0000007081900000) (1024K)]
  0x000001a1c5c91870 WorkerThread "GC Thread#1"                     [id=2436, stack(0x0000007082900000,0x0000007082a00000) (1024K)]
  0x000001a1c5c91c20 WorkerThread "GC Thread#2"                     [id=4732, stack(0x0000007082a00000,0x0000007082b00000) (1024K)]
  0x000001a1c5cb4a20 WorkerThread "GC Thread#3"                     [id=4304, stack(0x0000007082b00000,0x0000007082c00000) (1024K)]
  0x000001a1de815d50 ConcurrentGCThread "G1 Main Marker"            [id=5028, stack(0x0000007081900000,0x0000007081a00000) (1024K)]
  0x000001a1de817930 WorkerThread "G1 Conc#0"                       [id=4184, stack(0x0000007081a00000,0x0000007081b00000) (1024K)]
  0x000001a1fa954550 ConcurrentGCThread "G1 Refine#0"               [id=12276, stack(0x0000007081b00000,0x0000007081c00000) (1024K)]
  0x000001a1fa958000 ConcurrentGCThread "G1 Service"                [id=2160, stack(0x0000007081c00000,0x0000007081d00000) (1024K)]
Total: 10

Threads with active compile tasks:
C2 CompilerThread0  2969 2937       4       org.springframework.boot.context.properties.source.ConfigurationPropertyName$ElementsParser::parse (234 bytes)
Total: 1

VM state: not at safepoint (normal execution)

VM Mutex/Monitor currently owned by a thread: None

Heap address: 0x0000000083600000, size: 1994 MB, Compressed Oops mode: 32-bit

CDS archive(s) mapped at: [0x000001a180000000-0x000001a180d70000-0x000001a180d70000), size 14090240, SharedBaseAddress: 0x000001a180000000, ArchiveRelocationMode: 1.
Compressed class space mapped at: 0x000001a181000000-0x000001a1c1000000, reserved size: 1073741824
Narrow klass base: 0x000001a180000000, Narrow klass shift: 0, Narrow klass range: 0x41000000

GC Precious Log:
 CardTable entry size: 512
 Card Set container configuration: InlinePtr #cards 5 size 8 Array Of Cards #cards 10 size 36 Howl #buckets 4 coarsen threshold 1843 Howl Bitmap #cards 512 size 80 coarsen threshold 460 Card regions per heap region 1 cards per card region 2048
 CPUs: 4 total, 4 available
 Memory: 7975M
 Large Page Support: Disabled
 NUMA Support: Disabled
 Compressed Oops: Enabled (32-bit)
 Heap Region Size: 1M
 Heap Min Capacity: 8M
 Heap Initial Capacity: 126M
 Heap Max Capacity: 1994M
 Pre-touch: Disabled
 Parallel Workers: 4
 Concurrent Workers: 1
 Concurrent Refinement Workers: 4
 Periodic GC: Disabled

Heap:
 garbage-first heap   total reserved 2041856K, committed 129024K, used 28210K [0x0000000083600000, 0x0000000100000000)
  region size 1024K, 24 young (24576K), 5 survivors (5120K)
 Metaspace       used 20219K, committed 20544K, reserved 1114112K
  class space    used 2483K, committed 2624K, reserved 1048576K

Heap Regions: E=young(eden), S=young(survivor), O=old, HS=humongous(starts), HC=humongous(continues), CS=collection set, F=free, TAMS=top-at-mark-start, PB=parsable bottom
|   0|0x0000000083600000, 0x0000000083700000, 0x0000000083700000|100%|HS|  |TAMS 0x0000000083600000| PB 0x0000000083600000| Complete |  0
|   1|0x0000000083700000, 0x0000000083800000, 0x0000000083800000|100%| O|  |TAMS 0x0000000083700000| PB 0x0000000083700000| Untracked |  0
|   2|0x0000000083800000, 0x0000000083900000, 0x0000000083900000|100%| O|  |TAMS 0x0000000083800000| PB 0x0000000083800000| Untracked |  0
|   3|0x0000000083900000, 0x0000000083a00000, 0x0000000083a00000|100%| O|  |TAMS 0x0000000083900000| PB 0x0000000083900000| Untracked |  0
|   4|0x0000000083a00000, 0x0000000083b00000, 0x0000000083b00000|100%| O|  |TAMS 0x0000000083a00000| PB 0x0000000083a00000| Untracked |  0
|   5|0x0000000083b00000, 0x0000000083c00000, 0x0000000083c00000|100%| O|  |TAMS 0x0000000083b00000| PB 0x0000000083b00000| Untracked |  0
|   6|0x0000000083c00000, 0x0000000083c19a40, 0x0000000083d00000| 10%| O|  |TAMS 0x0000000083c00000| PB 0x0000000083c00000| Untracked |  0
|   7|0x0000000083d00000, 0x0000000083d00000, 0x0000000083e00000|  0%| F|  |TAMS 0x0000000083d00000| PB 0x0000000083d00000| Untracked |  0
|   8|0x0000000083e00000, 0x0000000083e00000, 0x0000000083f00000|  0%| F|  |TAMS 0x0000000083e00000| PB 0x0000000083e00000| Untracked |  0
|   9|0x0000000083f00000, 0x0000000083f00000, 0x0000000084000000|  0%| F|  |TAMS 0x0000000083f00000| PB 0x0000000083f00000| Untracked |  0
|  10|0x0000000084000000, 0x0000000084000000, 0x0000000084100000|  0%| F|  |TAMS 0x0000000084000000| PB 0x0000000084000000| Untracked |  0
|  11|0x0000000084100000, 0x0000000084100000, 0x0000000084200000|  0%| F|  |TAMS 0x0000000084100000| PB 0x0000000084100000| Untracked |  0
|  12|0x0000000084200000, 0x0000000084200000, 0x0000000084300000|  0%| F|  |TAMS 0x0000000084200000| PB 0x0000000084200000| Untracked |  0
|  13|0x0000000084300000, 0x0000000084300000, 0x0000000084400000|  0%| F|  |TAMS 0x0000000084300000| PB 0x0000000084300000| Untracked |  0
|  14|0x0000000084400000, 0x0000000084400000, 0x0000000084500000|  0%| F|  |TAMS 0x0000000084400000| PB 0x0000000084400000| Untracked |  0
|  15|0x0000000084500000, 0x0000000084500000, 0x0000000084600000|  0%| F|  |TAMS 0x0000000084500000| PB 0x0000000084500000| Untracked |  0
|  16|0x0000000084600000, 0x0000000084600000, 0x0000000084700000|  0%| F|  |TAMS 0x0000000084600000| PB 0x0000000084600000| Untracked |  0
|  17|0x0000000084700000, 0x0000000084700000, 0x0000000084800000|  0%| F|  |TAMS 0x0000000084700000| PB 0x0000000084700000| Untracked |  0
|  18|0x0000000084800000, 0x0000000084800000, 0x0000000084900000|  0%| F|  |TAMS 0x0000000084800000| PB 0x0000000084800000| Untracked |  0
|  19|0x0000000084900000, 0x0000000084900000, 0x0000000084a00000|  0%| F|  |TAMS 0x0000000084900000| PB 0x0000000084900000| Untracked |  0
|  20|0x0000000084a00000, 0x0000000084a00000, 0x0000000084b00000|  0%| F|  |TAMS 0x0000000084a00000| PB 0x0000000084a00000| Untracked |  0
|  21|0x0000000084b00000, 0x0000000084b00000, 0x0000000084c00000|  0%| F|  |TAMS 0x0000000084b00000| PB 0x0000000084b00000| Untracked |  0
|  22|0x0000000084c00000, 0x0000000084c00000, 0x0000000084d00000|  0%| F|  |TAMS 0x0000000084c00000| PB 0x0000000084c00000| Untracked |  0
|  23|0x0000000084d00000, 0x0000000084d00000, 0x0000000084e00000|  0%| F|  |TAMS 0x0000000084d00000| PB 0x0000000084d00000| Untracked |  0
|  24|0x0000000084e00000, 0x0000000084e00000, 0x0000000084f00000|  0%| F|  |TAMS 0x0000000084e00000| PB 0x0000000084e00000| Untracked |  0
|  25|0x0000000084f00000, 0x0000000084f00000, 0x0000000085000000|  0%| F|  |TAMS 0x0000000084f00000| PB 0x0000000084f00000| Untracked |  0
|  26|0x0000000085000000, 0x0000000085000000, 0x0000000085100000|  0%| F|  |TAMS 0x0000000085000000| PB 0x0000000085000000| Untracked |  0
|  27|0x0000000085100000, 0x0000000085100000, 0x0000000085200000|  0%| F|  |TAMS 0x0000000085100000| PB 0x0000000085100000| Untracked |  0
|  28|0x0000000085200000, 0x0000000085200000, 0x0000000085300000|  0%| F|  |TAMS 0x0000000085200000| PB 0x0000000085200000| Untracked |  0
|  29|0x0000000085300000, 0x0000000085300000, 0x0000000085400000|  0%| F|  |TAMS 0x0000000085300000| PB 0x0000000085300000| Untracked |  0
|  30|0x0000000085400000, 0x0000000085400000, 0x0000000085500000|  0%| F|  |TAMS 0x0000000085400000| PB 0x0000000085400000| Untracked |  0
|  31|0x0000000085500000, 0x0000000085500000, 0x0000000085600000|  0%| F|  |TAMS 0x0000000085500000| PB 0x0000000085500000| Untracked |  0
|  32|0x0000000085600000, 0x0000000085600000, 0x0000000085700000|  0%| F|  |TAMS 0x0000000085600000| PB 0x0000000085600000| Untracked |  0
|  33|0x0000000085700000, 0x0000000085700000, 0x0000000085800000|  0%| F|  |TAMS 0x0000000085700000| PB 0x0000000085700000| Untracked |  0
|  34|0x0000000085800000, 0x0000000085800000, 0x0000000085900000|  0%| F|  |TAMS 0x0000000085800000| PB 0x0000000085800000| Untracked |  0
|  35|0x0000000085900000, 0x0000000085900000, 0x0000000085a00000|  0%| F|  |TAMS 0x0000000085900000| PB 0x0000000085900000| Untracked |  0
|  36|0x0000000085a00000, 0x0000000085a00000, 0x0000000085b00000|  0%| F|  |TAMS 0x0000000085a00000| PB 0x0000000085a00000| Untracked |  0
|  37|0x0000000085b00000, 0x0000000085b00000, 0x0000000085c00000|  0%| F|  |TAMS 0x0000000085b00000| PB 0x0000000085b00000| Untracked |  0
|  38|0x0000000085c00000, 0x0000000085c00000, 0x0000000085d00000|  0%| F|  |TAMS 0x0000000085c00000| PB 0x0000000085c00000| Untracked |  0
|  39|0x0000000085d00000, 0x0000000085d00000, 0x0000000085e00000|  0%| F|  |TAMS 0x0000000085d00000| PB 0x0000000085d00000| Untracked |  0
|  40|0x0000000085e00000, 0x0000000085e00000, 0x0000000085f00000|  0%| F|  |TAMS 0x0000000085e00000| PB 0x0000000085e00000| Untracked |  0
|  41|0x0000000085f00000, 0x0000000085f00000, 0x0000000086000000|  0%| F|  |TAMS 0x0000000085f00000| PB 0x0000000085f00000| Untracked |  0
|  42|0x0000000086000000, 0x0000000086000000, 0x0000000086100000|  0%| F|  |TAMS 0x0000000086000000| PB 0x0000000086000000| Untracked |  0
|  43|0x0000000086100000, 0x0000000086100000, 0x0000000086200000|  0%| F|  |TAMS 0x0000000086100000| PB 0x0000000086100000| Untracked |  0
|  44|0x0000000086200000, 0x0000000086200000, 0x0000000086300000|  0%| F|  |TAMS 0x0000000086200000| PB 0x0000000086200000| Untracked |  0
|  45|0x0000000086300000, 0x0000000086300000, 0x0000000086400000|  0%| F|  |TAMS 0x0000000086300000| PB 0x0000000086300000| Untracked |  0
|  46|0x0000000086400000, 0x0000000086400000, 0x0000000086500000|  0%| F|  |TAMS 0x0000000086400000| PB 0x0000000086400000| Untracked |  0
|  47|0x0000000086500000, 0x0000000086500000, 0x0000000086600000|  0%| F|  |TAMS 0x0000000086500000| PB 0x0000000086500000| Untracked |  0
|  48|0x0000000086600000, 0x0000000086600000, 0x0000000086700000|  0%| F|  |TAMS 0x0000000086600000| PB 0x0000000086600000| Untracked |  0
|  49|0x0000000086700000, 0x0000000086700000, 0x0000000086800000|  0%| F|  |TAMS 0x0000000086700000| PB 0x0000000086700000| Untracked |  0
|  50|0x0000000086800000, 0x0000000086800000, 0x0000000086900000|  0%| F|  |TAMS 0x0000000086800000| PB 0x0000000086800000| Untracked |  0
|  51|0x0000000086900000, 0x0000000086900000, 0x0000000086a00000|  0%| F|  |TAMS 0x0000000086900000| PB 0x0000000086900000| Untracked |  0
|  52|0x0000000086a00000, 0x0000000086a00000, 0x0000000086b00000|  0%| F|  |TAMS 0x0000000086a00000| PB 0x0000000086a00000| Untracked |  0
|  53|0x0000000086b00000, 0x0000000086b00000, 0x0000000086c00000|  0%| F|  |TAMS 0x0000000086b00000| PB 0x0000000086b00000| Untracked |  0
|  54|0x0000000086c00000, 0x0000000086c00000, 0x0000000086d00000|  0%| F|  |TAMS 0x0000000086c00000| PB 0x0000000086c00000| Untracked |  0
|  55|0x0000000086d00000, 0x0000000086d00000, 0x0000000086e00000|  0%| F|  |TAMS 0x0000000086d00000| PB 0x0000000086d00000| Untracked |  0
|  56|0x0000000086e00000, 0x0000000086e00000, 0x0000000086f00000|  0%| F|  |TAMS 0x0000000086e00000| PB 0x0000000086e00000| Untracked |  0
|  57|0x0000000086f00000, 0x0000000086f00000, 0x0000000087000000|  0%| F|  |TAMS 0x0000000086f00000| PB 0x0000000086f00000| Untracked |  0
|  58|0x0000000087000000, 0x0000000087000000, 0x0000000087100000|  0%| F|  |TAMS 0x0000000087000000| PB 0x0000000087000000| Untracked |  0
|  59|0x0000000087100000, 0x0000000087100000, 0x0000000087200000|  0%| F|  |TAMS 0x0000000087100000| PB 0x0000000087100000| Untracked |  0
|  60|0x0000000087200000, 0x0000000087200000, 0x0000000087300000|  0%| F|  |TAMS 0x0000000087200000| PB 0x0000000087200000| Untracked |  0
|  61|0x0000000087300000, 0x0000000087300000, 0x0000000087400000|  0%| F|  |TAMS 0x0000000087300000| PB 0x0000000087300000| Untracked |  0
|  62|0x0000000087400000, 0x0000000087400000, 0x0000000087500000|  0%| F|  |TAMS 0x0000000087400000| PB 0x0000000087400000| Untracked |  0
|  63|0x0000000087500000, 0x0000000087500000, 0x0000000087600000|  0%| F|  |TAMS 0x0000000087500000| PB 0x0000000087500000| Untracked |  0
|  64|0x0000000087600000, 0x0000000087600000, 0x0000000087700000|  0%| F|  |TAMS 0x0000000087600000| PB 0x0000000087600000| Untracked |  0
|  65|0x0000000087700000, 0x0000000087700000, 0x0000000087800000|  0%| F|  |TAMS 0x0000000087700000| PB 0x0000000087700000| Untracked |  0
|  66|0x0000000087800000, 0x0000000087800000, 0x0000000087900000|  0%| F|  |TAMS 0x0000000087800000| PB 0x0000000087800000| Untracked |  0
|  67|0x0000000087900000, 0x0000000087900000, 0x0000000087a00000|  0%| F|  |TAMS 0x0000000087900000| PB 0x0000000087900000| Untracked |  0
|  68|0x0000000087a00000, 0x0000000087a00000, 0x0000000087b00000|  0%| F|  |TAMS 0x0000000087a00000| PB 0x0000000087a00000| Untracked |  0
|  69|0x0000000087b00000, 0x0000000087b00000, 0x0000000087c00000|  0%| F|  |TAMS 0x0000000087b00000| PB 0x0000000087b00000| Untracked |  0
|  70|0x0000000087c00000, 0x0000000087c00000, 0x0000000087d00000|  0%| F|  |TAMS 0x0000000087c00000| PB 0x0000000087c00000| Untracked |  0
|  71|0x0000000087d00000, 0x0000000087d00000, 0x0000000087e00000|  0%| F|  |TAMS 0x0000000087d00000| PB 0x0000000087d00000| Untracked |  0
|  72|0x0000000087e00000, 0x0000000087e00000, 0x0000000087f00000|  0%| F|  |TAMS 0x0000000087e00000| PB 0x0000000087e00000| Untracked |  0
|  73|0x0000000087f00000, 0x0000000087f00000, 0x0000000088000000|  0%| F|  |TAMS 0x0000000087f00000| PB 0x0000000087f00000| Untracked |  0
|  74|0x0000000088000000, 0x0000000088000000, 0x0000000088100000|  0%| F|  |TAMS 0x0000000088000000| PB 0x0000000088000000| Untracked |  0
|  75|0x0000000088100000, 0x0000000088100000, 0x0000000088200000|  0%| F|  |TAMS 0x0000000088100000| PB 0x0000000088100000| Untracked |  0
|  76|0x0000000088200000, 0x0000000088200000, 0x0000000088300000|  0%| F|  |TAMS 0x0000000088200000| PB 0x0000000088200000| Untracked |  0
|  77|0x0000000088300000, 0x0000000088300000, 0x0000000088400000|  0%| F|  |TAMS 0x0000000088300000| PB 0x0000000088300000| Untracked |  0
|  78|0x0000000088400000, 0x0000000088400000, 0x0000000088500000|  0%| F|  |TAMS 0x0000000088400000| PB 0x0000000088400000| Untracked |  0
|  79|0x0000000088500000, 0x0000000088500000, 0x0000000088600000|  0%| F|  |TAMS 0x0000000088500000| PB 0x0000000088500000| Untracked |  0
|  80|0x0000000088600000, 0x0000000088600000, 0x0000000088700000|  0%| F|  |TAMS 0x0000000088600000| PB 0x0000000088600000| Untracked |  0
|  81|0x0000000088700000, 0x0000000088700000, 0x0000000088800000|  0%| F|  |TAMS 0x0000000088700000| PB 0x0000000088700000| Untracked |  0
|  82|0x0000000088800000, 0x0000000088800000, 0x0000000088900000|  0%| F|  |TAMS 0x0000000088800000| PB 0x0000000088800000| Untracked |  0
|  83|0x0000000088900000, 0x0000000088900000, 0x0000000088a00000|  0%| F|  |TAMS 0x0000000088900000| PB 0x0000000088900000| Untracked |  0
|  84|0x0000000088a00000, 0x0000000088a00000, 0x0000000088b00000|  0%| F|  |TAMS 0x0000000088a00000| PB 0x0000000088a00000| Untracked |  0
|  85|0x0000000088b00000, 0x0000000088b00000, 0x0000000088c00000|  0%| F|  |TAMS 0x0000000088b00000| PB 0x0000000088b00000| Untracked |  0
|  86|0x0000000088c00000, 0x0000000088c72ec0, 0x0000000088d00000| 44%| S|CS|TAMS 0x0000000088c00000| PB 0x0000000088c00000| Complete |  0
|  87|0x0000000088d00000, 0x0000000088e00000, 0x0000000088e00000|100%| S|CS|TAMS 0x0000000088d00000| PB 0x0000000088d00000| Complete |  0
|  88|0x0000000088e00000, 0x0000000088f00000, 0x0000000088f00000|100%| S|CS|TAMS 0x0000000088e00000| PB 0x0000000088e00000| Complete |  0
|  89|0x0000000088f00000, 0x0000000089000000, 0x0000000089000000|100%| S|CS|TAMS 0x0000000088f00000| PB 0x0000000088f00000| Complete |  0
|  90|0x0000000089000000, 0x0000000089100000, 0x0000000089100000|100%| S|CS|TAMS 0x0000000089000000| PB 0x0000000089000000| Complete |  0
|  91|0x0000000089100000, 0x0000000089100000, 0x0000000089200000|  0%| F|  |TAMS 0x0000000089100000| PB 0x0000000089100000| Untracked |  0
|  92|0x0000000089200000, 0x0000000089200000, 0x0000000089300000|  0%| F|  |TAMS 0x0000000089200000| PB 0x0000000089200000| Untracked |  0
|  93|0x0000000089300000, 0x0000000089300000, 0x0000000089400000|  0%| F|  |TAMS 0x0000000089300000| PB 0x0000000089300000| Untracked |  0
|  94|0x0000000089400000, 0x0000000089400000, 0x0000000089500000|  0%| F|  |TAMS 0x0000000089400000| PB 0x0000000089400000| Untracked |  0
|  95|0x0000000089500000, 0x0000000089500000, 0x0000000089600000|  0%| F|  |TAMS 0x0000000089500000| PB 0x0000000089500000| Untracked |  0
|  96|0x0000000089600000, 0x0000000089600000, 0x0000000089700000|  0%| F|  |TAMS 0x0000000089600000| PB 0x0000000089600000| Untracked |  0
|  97|0x0000000089700000, 0x0000000089700000, 0x0000000089800000|  0%| F|  |TAMS 0x0000000089700000| PB 0x0000000089700000| Untracked |  0
|  98|0x0000000089800000, 0x0000000089800000, 0x0000000089900000|  0%| F|  |TAMS 0x0000000089800000| PB 0x0000000089800000| Untracked |  0
|  99|0x0000000089900000, 0x0000000089900000, 0x0000000089a00000|  0%| F|  |TAMS 0x0000000089900000| PB 0x0000000089900000| Untracked |  0
| 100|0x0000000089a00000, 0x0000000089a00000, 0x0000000089b00000|  0%| F|  |TAMS 0x0000000089a00000| PB 0x0000000089a00000| Untracked |  0
| 101|0x0000000089b00000, 0x0000000089b00000, 0x0000000089c00000|  0%| F|  |TAMS 0x0000000089b00000| PB 0x0000000089b00000| Untracked |  0
| 102|0x0000000089c00000, 0x0000000089c00000, 0x0000000089d00000|  0%| F|  |TAMS 0x0000000089c00000| PB 0x0000000089c00000| Untracked |  0
| 103|0x0000000089d00000, 0x0000000089d00000, 0x0000000089e00000|  0%| F|  |TAMS 0x0000000089d00000| PB 0x0000000089d00000| Untracked |  0
| 104|0x0000000089e00000, 0x0000000089e00000, 0x0000000089f00000|  0%| F|  |TAMS 0x0000000089e00000| PB 0x0000000089e00000| Untracked |  0
| 105|0x0000000089f00000, 0x0000000089f00000, 0x000000008a000000|  0%| F|  |TAMS 0x0000000089f00000| PB 0x0000000089f00000| Untracked |  0
| 106|0x000000008a000000, 0x000000008a000000, 0x000000008a100000|  0%| F|  |TAMS 0x000000008a000000| PB 0x000000008a000000| Untracked |  0
| 107|0x000000008a100000, 0x000000008a1f4580, 0x000000008a200000| 95%| E|  |TAMS 0x000000008a100000| PB 0x000000008a100000| Complete |  0
| 108|0x000000008a200000, 0x000000008a300000, 0x000000008a300000|100%| E|CS|TAMS 0x000000008a200000| PB 0x000000008a200000| Complete |  0
| 109|0x000000008a300000, 0x000000008a400000, 0x000000008a400000|100%| E|CS|TAMS 0x000000008a300000| PB 0x000000008a300000| Complete |  0
| 110|0x000000008a400000, 0x000000008a500000, 0x000000008a500000|100%| E|CS|TAMS 0x000000008a400000| PB 0x000000008a400000| Complete |  0
| 111|0x000000008a500000, 0x000000008a600000, 0x000000008a600000|100%| E|CS|TAMS 0x000000008a500000| PB 0x000000008a500000| Complete |  0
| 112|0x000000008a600000, 0x000000008a700000, 0x000000008a700000|100%| E|CS|TAMS 0x000000008a600000| PB 0x000000008a600000| Complete |  0
| 113|0x000000008a700000, 0x000000008a800000, 0x000000008a800000|100%| E|CS|TAMS 0x000000008a700000| PB 0x000000008a700000| Complete |  0
| 114|0x000000008a800000, 0x000000008a900000, 0x000000008a900000|100%| E|CS|TAMS 0x000000008a800000| PB 0x000000008a800000| Complete |  0
| 115|0x000000008a900000, 0x000000008aa00000, 0x000000008aa00000|100%| E|CS|TAMS 0x000000008a900000| PB 0x000000008a900000| Complete |  0
| 116|0x000000008aa00000, 0x000000008ab00000, 0x000000008ab00000|100%| E|CS|TAMS 0x000000008aa00000| PB 0x000000008aa00000| Complete |  0
| 117|0x000000008ab00000, 0x000000008ac00000, 0x000000008ac00000|100%| E|CS|TAMS 0x000000008ab00000| PB 0x000000008ab00000| Complete |  0
| 118|0x000000008ac00000, 0x000000008ad00000, 0x000000008ad00000|100%| E|CS|TAMS 0x000000008ac00000| PB 0x000000008ac00000| Complete |  0
| 119|0x000000008ad00000, 0x000000008ae00000, 0x000000008ae00000|100%| E|CS|TAMS 0x000000008ad00000| PB 0x000000008ad00000| Complete |  0
| 120|0x000000008ae00000, 0x000000008af00000, 0x000000008af00000|100%| E|CS|TAMS 0x000000008ae00000| PB 0x000000008ae00000| Complete |  0
| 121|0x000000008af00000, 0x000000008b000000, 0x000000008b000000|100%| E|  |TAMS 0x000000008af00000| PB 0x000000008af00000| Complete |  0
| 122|0x000000008b000000, 0x000000008b100000, 0x000000008b100000|100%| E|CS|TAMS 0x000000008b000000| PB 0x000000008b000000| Complete |  0
| 123|0x000000008b100000, 0x000000008b200000, 0x000000008b200000|100%| E|CS|TAMS 0x000000008b100000| PB 0x000000008b100000| Complete |  0
| 124|0x000000008b200000, 0x000000008b300000, 0x000000008b300000|100%| E|CS|TAMS 0x000000008b200000| PB 0x000000008b200000| Complete |  0
| 125|0x000000008b300000, 0x000000008b400000, 0x000000008b400000|100%| E|CS|TAMS 0x000000008b300000| PB 0x000000008b300000| Complete |  0

Card table byte_map: [0x000001a1f62d0000,0x000001a1f66c0000] _byte_map_base: 0x000001a1f5eb5000

Marking Bits: (CMBitMap*) 0x000001a1de801c80
 Bits: [0x000001a1f66c0000, 0x000001a1f85e8000)

Polling page: 0x000001a1dc650000

Metaspace:

Usage:
  Non-class:     17.34 MB used.
      Class:      2.43 MB used.
       Both:     19.77 MB used.

Virtual space:
  Non-class space:       64.00 MB reserved,      17.50 MB ( 27%) committed,  1 nodes.
      Class space:        1.00 GB reserved,       2.56 MB ( <1%) committed,  1 nodes.
             Both:        1.06 GB reserved,      20.06 MB (  2%) committed. 

Chunk freelists:
   Non-Class:  14.09 MB
       Class:  13.38 MB
        Both:  27.47 MB

MaxMetaspaceSize: unlimited
CompressedClassSpaceSize: 1.00 GB
Initial GC threshold: 21.00 MB
Current GC threshold: 21.00 MB
CDS: on
 - commit_granule_bytes: 65536.
 - commit_granule_words: 8192.
 - virtual_space_node_default_size: 8388608.
 - enlarge_chunks_in_place: 1.
 - use_allocation_guard: 0.


Internal statistics:

num_allocs_failed_limit: 0.
num_arena_births: 276.
num_arena_deaths: 0.
num_vsnodes_births: 2.
num_vsnodes_deaths: 0.
num_space_committed: 321.
num_space_uncommitted: 0.
num_chunks_returned_to_freelist: 0.
num_chunks_taken_from_freelist: 929.
num_chunk_merges: 0.
num_chunk_splits: 609.
num_chunks_enlarged: 435.
num_inconsistent_stats: 0.

CodeHeap 'non-profiled nmethods': size=120064Kb used=983Kb max_used=983Kb free=119080Kb
 bounds [0x000001a1ee9a0000, 0x000001a1eec10000, 0x000001a1f5ee0000]
CodeHeap 'profiled nmethods': size=120000Kb used=4481Kb max_used=4481Kb free=115518Kb
 bounds [0x000001a1e6ee0000, 0x000001a1e7350000, 0x000001a1ee410000]
CodeHeap 'non-nmethods': size=5696Kb used=1567Kb max_used=1596Kb free=4128Kb
 bounds [0x000001a1ee410000, 0x000001a1ee680000, 0x000001a1ee9a0000]
CodeCache: size=245760Kb, used=7031Kb, max_used=7060Kb, free=238726Kb
 total_blobs=3563, nmethods=3024, adapters=444, full_count=0
Compilation: enabled, stopped_count=0, restarted_count=0

Compilation events (20 events):
Event: 2.893 Thread 0x000001a1faac5260 nmethod 2955 0x000001a1e7321a88 code [0x000001a1e7321bc0, 0x000001a1e7321e78]
Event: 2.894 Thread 0x000001a1faac5260 2956       3       java.util.stream.ReferencePipeline::flatMap (30 bytes)
Event: 2.894 Thread 0x000001a1faac5260 nmethod 2956 0x000001a1e7321f08 code [0x000001a1e7322060, 0x000001a1e7322528]
Event: 2.894 Thread 0x000001a1faac5260 2957       3       java.util.stream.ReferencePipeline$7::<init> (15 bytes)
Event: 2.895 Thread 0x000001a1faac5260 nmethod 2957 0x000001a1e7322588 code [0x000001a1e73226c0, 0x000001a1e7322940]
Event: 2.895 Thread 0x000001a1faac5260 2958       3       java.util.stream.ReferencePipeline$7::opWrapSink (16 bytes)
Event: 2.895 Thread 0x000001a1faac5260 nmethod 2958 0x000001a1e7322988 code [0x000001a1e7322ac0, 0x000001a1e7322de8]
Event: 2.896 Thread 0x000001a1c62741f0 2959       4       java.util.HashMap::resize (356 bytes)
Event: 2.899 Thread 0x000001a1faac5260 2960       3       org.springframework.core.type.AnnotatedTypeMetadata::getMergedRepeatableAnnotationAttributes (106 bytes)
Event: 2.901 Thread 0x000001a1faac5260 nmethod 2960 0x000001a1e7322e88 code [0x000001a1e73232c0, 0x000001a1e7325cf0]
Event: 2.901 Thread 0x000001a1faac5260 2961       3       org.springframework.core.type.AnnotatedTypeMetadata$$Lambda/0x000001a18122e120::<init> (10 bytes)
Event: 2.901 Thread 0x000001a1faac5260 nmethod 2961 0x000001a1e7325e88 code [0x000001a1e7325fa0, 0x000001a1e7326158]
Event: 2.901 Thread 0x000001a1faac5260 2962       3       org.springframework.core.type.AnnotatedTypeMetadata$$Lambda/0x000001a18122e598::<init> (10 bytes)
Event: 2.901 Thread 0x000001a1faac5260 nmethod 2962 0x000001a1e7326188 code [0x000001a1e73262a0, 0x000001a1e7326458]
Event: 2.901 Thread 0x000001a1faac5260 2963       3       org.springframework.core.annotation.TypeMappedAnnotation::getAdaptType (48 bytes)
Event: 2.902 Thread 0x000001a1faac5260 nmethod 2963 0x000001a1e7326488 code [0x000001a1e7326620, 0x000001a1e7326bb0]
Event: 2.902 Thread 0x000001a1faac5260 2964   !   3       sun.reflect.annotation.AnnotationParser::parseAnnotations (37 bytes)
Event: 2.903 Thread 0x000001a1faac5260 nmethod 2964 0x000001a1e7326c08 code [0x000001a1e7326d80, 0x000001a1e73270a0]
Event: 2.905 Thread 0x000001a1faac5260 2965       3       org.springframework.boot.autoconfigure.condition.ConditionMessage::isEmpty (16 bytes)
Event: 2.906 Thread 0x000001a1faac5260 nmethod 2965 0x000001a1e7327108 code [0x000001a1e7327240, 0x000001a1e7327528]

GC Heap History (6 events):
Event: 0.954 GC heap before
{Heap before GC invocations=0 (full 0):
 garbage-first heap   total reserved 2041856K, committed 129024K, used 14336K [0x0000000083600000, 0x0000000100000000)
  region size 1024K, 14 young (14336K), 0 survivors (0K)
 Metaspace       used 4218K, committed 4352K, reserved 1114112K
  class space    used 491K, committed 576K, reserved 1048576K
}
Event: 0.962 GC heap after
{Heap after GC invocations=1 (full 0):
 garbage-first heap   total reserved 2041856K, committed 129024K, used 5994K [0x0000000083600000, 0x0000000100000000)
  region size 1024K, 2 young (2048K), 2 survivors (2048K)
 Metaspace       used 4218K, committed 4352K, reserved 1114112K
  class space    used 491K, committed 576K, reserved 1048576K
}
Event: 1.400 GC heap before
{Heap before GC invocations=1 (full 0):
 garbage-first heap   total reserved 2041856K, committed 129024K, used 18282K [0x0000000083600000, 0x0000000100000000)
  region size 1024K, 14 young (14336K), 2 survivors (2048K)
 Metaspace       used 7341K, committed 7616K, reserved 1114112K
  class space    used 920K, committed 1024K, reserved 1048576K
}
Event: 1.403 GC heap after
{Heap after GC invocations=2 (full 0):
 garbage-first heap   total reserved 2041856K, committed 129024K, used 7395K [0x0000000083600000, 0x0000000100000000)
  region size 1024K, 2 young (2048K), 2 survivors (2048K)
 Metaspace       used 7341K, committed 7616K, reserved 1114112K
  class space    used 920K, committed 1024K, reserved 1048576K
}
Event: 2.294 GC heap before
{Heap before GC invocations=2 (full 0):
 garbage-first heap   total reserved 2041856K, committed 129024K, used 40163K [0x0000000083600000, 0x0000000100000000)
  region size 1024K, 35 young (35840K), 2 survivors (2048K)
 Metaspace       used 17387K, committed 17664K, reserved 1114112K
  class space    used 2175K, committed 2304K, reserved 1048576K
}
Event: 2.299 GC heap after
{Heap after GC invocations=3 (full 0):
 garbage-first heap   total reserved 2041856K, committed 129024K, used 10802K [0x0000000083600000, 0x0000000100000000)
  region size 1024K, 5 young (5120K), 5 survivors (5120K)
 Metaspace       used 17387K, committed 17664K, reserved 1114112K
  class space    used 2175K, committed 2304K, reserved 1048576K
}

Dll operation events (7 events):
Event: 0.013 Loaded shared library C:\Program Files\Java\jdk-23\bin\java.dll
Event: 0.060 Loaded shared library C:\Program Files\Java\jdk-23\bin\jsvml.dll
Event: 0.111 Loaded shared library C:\Program Files\Java\jdk-23\bin\net.dll
Event: 0.113 Loaded shared library C:\Program Files\Java\jdk-23\bin\nio.dll
Event: 0.115 Loaded shared library C:\Program Files\Java\jdk-23\bin\zip.dll
Event: 0.267 Loaded shared library C:\Program Files\Java\jdk-23\bin\jimage.dll
Event: 2.435 Loaded shared library C:\Program Files\Java\jdk-23\bin\sunmscapi.dll

Deoptimization events (20 events):
Event: 2.271 Thread 0x000001a1c5e67e90 DEOPT PACKING pc=0x000001a1e6fcedb9 sp=0x0000007082dfe1e0
Event: 2.271 Thread 0x000001a1c5e67e90 DEOPT UNPACKING pc=0x000001a1ee4684c2 sp=0x0000007082dfd6d0 mode 0
Event: 2.278 Thread 0x000001a1c5e67e90 DEOPT PACKING pc=0x000001a1e6fcedb9 sp=0x0000007082dfe390
Event: 2.278 Thread 0x000001a1c5e67e90 DEOPT UNPACKING pc=0x000001a1ee4684c2 sp=0x0000007082dfd880 mode 0
Event: 2.278 Thread 0x000001a1c5e67e90 DEOPT PACKING pc=0x000001a1e6fcc08e sp=0x0000007082dfe3a0
Event: 2.278 Thread 0x000001a1c5e67e90 DEOPT UNPACKING pc=0x000001a1ee4684c2 sp=0x0000007082dfd888 mode 0
Event: 2.620 Thread 0x000001a1dc4692d0 Uncommon trap: trap_request=0xffffff45 fr.pc=0x000001a1eea268ec relative=0x0000000000000d4c
Event: 2.620 Thread 0x000001a1dc4692d0 Uncommon trap: reason=unstable_if action=reinterpret pc=0x000001a1eea268ec method=java.util.jar.JarFile.getVersionedEntry(Ljava/lang/String;Ljava/util/jar/JarEntry;)Ljava/util/jar/JarEntry; @ 26 c2
Event: 2.620 Thread 0x000001a1dc4692d0 DEOPT PACKING pc=0x000001a1eea268ec sp=0x00000070817fe120
Event: 2.620 Thread 0x000001a1dc4692d0 DEOPT UNPACKING pc=0x000001a1ee467982 sp=0x00000070817fe0e0 mode 2
Event: 2.635 Thread 0x000001a1dc4692d0 Uncommon trap: trap_request=0xffffffc6 fr.pc=0x000001a1eea1aeac relative=0x00000000000002ec
Event: 2.635 Thread 0x000001a1dc4692d0 Uncommon trap: reason=bimorphic_or_optimized_type_check action=maybe_recompile pc=0x000001a1eea1aeac method=java.util.HashMap.getNode(Ljava/lang/Object;)Ljava/util/HashMap$Node; @ 128 c2
Event: 2.635 Thread 0x000001a1dc4692d0 DEOPT PACKING pc=0x000001a1eea1aeac sp=0x00000070817feae0
Event: 2.635 Thread 0x000001a1dc4692d0 DEOPT UNPACKING pc=0x000001a1ee467982 sp=0x00000070817fea48 mode 2
Event: 2.803 Thread 0x000001a1dc4692d0 Uncommon trap: trap_request=0xffffffc6 fr.pc=0x000001a1eea1aeac relative=0x00000000000002ec
Event: 2.803 Thread 0x000001a1dc4692d0 Uncommon trap: reason=bimorphic_or_optimized_type_check action=maybe_recompile pc=0x000001a1eea1aeac method=java.util.HashMap.getNode(Ljava/lang/Object;)Ljava/util/HashMap$Node; @ 128 c2
Event: 2.803 Thread 0x000001a1dc4692d0 DEOPT PACKING pc=0x000001a1eea1aeac sp=0x00000070817fe9e0
Event: 2.803 Thread 0x000001a1dc4692d0 DEOPT UNPACKING pc=0x000001a1ee467982 sp=0x00000070817fe948 mode 2
Event: 2.832 Thread 0x000001a1dc4692d0 DEOPT PACKING pc=0x000001a1e6f1939c sp=0x00000070817fe210
Event: 2.832 Thread 0x000001a1dc4692d0 DEOPT UNPACKING pc=0x000001a1ee4684c2 sp=0x00000070817fd710 mode 0

Classes loaded (20 events):
Event: 2.547 Loading class javax/swing/TransferHandler$HasGetTransferHandler done
Event: 2.547 Loading class java/awt/Frame
Event: 2.548 Loading class java/awt/MenuContainer
Event: 2.548 Loading class java/awt/MenuContainer done
Event: 2.548 Loading class java/awt/Window
Event: 2.548 Loading class java/awt/Container
Event: 2.549 Loading class java/awt/Component
Event: 2.550 Loading class java/awt/image/ImageObserver
Event: 2.550 Loading class java/awt/image/ImageObserver done
Event: 2.551 Loading class java/awt/Component done
Event: 2.551 Loading class java/awt/Container done
Event: 2.551 Loading class java/awt/Window done
Event: 2.551 Loading class java/awt/Frame done
Event: 2.551 Loading class javax/swing/JFrame done
Event: 2.726 Loading class java/beans/PropertyVetoException
Event: 2.726 Loading class java/beans/PropertyVetoException done
Event: 2.748 Loading class java/nio/charset/CharacterCodingException
Event: 2.748 Loading class java/nio/charset/CharacterCodingException done
Event: 2.748 Loading class java/lang/foreign/MemorySegment
Event: 2.749 Loading class java/lang/foreign/MemorySegment done

Classes unloaded (0 events):
No events

Classes redefined (0 events):
No events

Internal exceptions (20 events):
Event: 1.355 Thread 0x000001a1dc4692d0 Exception <a 'java/lang/NoSuchMethodError'{0x000000008a9be670}: 'java.lang.Object java.lang.invoke.DirectMethodHandle$Holder.newInvokeSpecial(java.lang.Object, int, java.lang.Object)'> (0x000000008a9be670) 
thrown [s\open\src\hotspot\share\interpreter\linkResolver.cpp, line 796]
Event: 1.356 Thread 0x000001a1dc4692d0 Exception <a 'java/lang/NoSuchMethodError'{0x000000008a9c31f8}: 'int java.lang.invoke.DirectMethodHandle$Holder.invokeSpecialIFC(java.lang.Object, java.lang.Object, java.lang.Object, java.lang.Object)'> (0x000000008a9c31f8) 
thrown [s\open\src\hotspot\share\interpreter\linkResolver.cpp, line 796]
Event: 1.384 Thread 0x000001a1dc4692d0 Exception <a 'java/lang/NoSuchMethodError'{0x000000008a8c12e8}: 'void java.lang.invoke.DirectMethodHandle$Holder.invokeInterface(java.lang.Object, java.lang.Object, java.lang.Object)'> (0x000000008a8c12e8) 
thrown [s\open\src\hotspot\share\interpreter\linkResolver.cpp, line 796]
Event: 1.430 Thread 0x000001a1dc4692d0 Exception <a 'java/lang/NoSuchMethodError'{0x000000008b3747e0}: 'void java.lang.invoke.DirectMethodHandle$Holder.invokeStaticInit(java.lang.Object, java.lang.Object, java.lang.Object)'> (0x000000008b3747e0) 
thrown [s\open\src\hotspot\share\interpreter\linkResolver.cpp, line 796]
Event: 1.441 Thread 0x000001a1dc4692d0 Exception <a 'java/lang/NoSuchMethodError'{0x000000008b3cbde0}: 'java.lang.Object java.lang.invoke.DirectMethodHandle$Holder.invokeStatic(java.lang.Object, long, java.lang.Object)'> (0x000000008b3cbde0) 
thrown [s\open\src\hotspot\share\interpreter\linkResolver.cpp, line 796]
Event: 1.442 Thread 0x000001a1dc4692d0 Exception <a 'java/lang/NoSuchMethodError'{0x000000008b3cf480}: 'java.lang.Object java.lang.invoke.DirectMethodHandle$Holder.invokeStaticInit(java.lang.Object, long, java.lang.Object)'> (0x000000008b3cf480) 
thrown [s\open\src\hotspot\share\interpreter\linkResolver.cpp, line 796]
Event: 1.443 Thread 0x000001a1dc4692d0 Exception <a 'java/lang/NoSuchMethodError'{0x000000008b3d4db0}: 'java.lang.Object java.lang.invoke.DirectMethodHandle$Holder.newInvokeSpecial(java.lang.Object, long)'> (0x000000008b3d4db0) 
thrown [s\open\src\hotspot\share\interpreter\linkResolver.cpp, line 796]
Event: 1.468 Thread 0x000001a1dc4692d0 Exception <a 'java/lang/NoSuchMethodError'{0x000000008b236400}: 'void java.lang.invoke.DirectMethodHandle$Holder.invokeVirtual(java.lang.Object, java.lang.Object, java.lang.Object, java.lang.Object)'> (0x000000008b236400) 
thrown [s\open\src\hotspot\share\interpreter\linkResolver.cpp, line 796]
Event: 1.535 Thread 0x000001a1c5e67e90 Exception <a 'java/lang/NoClassDefFoundError'{0x000000008b1cb4c8}: jakarta/validation/Validation> (0x000000008b1cb4c8) 
thrown [s\open\src\hotspot\share\classfile\systemDictionary.cpp, line 302]
Event: 1.537 Thread 0x000001a1dc4692d0 Exception <a 'java/lang/IncompatibleClassChangeError'{0x000000008b1a4c70}: Found class java.lang.Object, but interface was expected> (0x000000008b1a4c70) 
thrown [s\open\src\hotspot\share\interpreter\linkResolver.cpp, line 863]
Event: 2.100 Thread 0x000001a1dc4692d0 Exception <a 'java/lang/NoSuchMethodError'{0x0000000089726ea0}: 'java.lang.Object java.lang.invoke.DirectMethodHandle$Holder.invokeVirtual(java.lang.Object, java.lang.Object, java.lang.Object)'> (0x0000000089726ea0) 
thrown [s\open\src\hotspot\share\interpreter\linkResolver.cpp, line 796]
Event: 2.112 Thread 0x000001a1dc4692d0 Exception <a 'java/lang/NoSuchMethodError'{0x00000000897effc0}: 'int java.lang.invoke.DirectMethodHandle$Holder.invokeSpecial(java.lang.Object, java.lang.Object, java.lang.Object, java.lang.Object, java.lang.Object)'> (0x00000000897effc0) 
thrown [s\open\src\hotspot\share\interpreter\linkResolver.cpp, line 796]
Event: 2.114 Thread 0x000001a1dc4692d0 Exception <a 'java/lang/NoSuchMethodError'{0x00000000897f84a8}: 'void java.lang.invoke.DirectMethodHandle$Holder.invokeVirtual(java.lang.Object, java.lang.Object)'> (0x00000000897f84a8) 
thrown [s\open\src\hotspot\share\interpreter\linkResolver.cpp, line 796]
Event: 2.144 Thread 0x000001a1c5e67e90 Exception <a 'java/lang/NoSuchMethodError'{0x00000000895c10c8}: 'long java.lang.invoke.DirectMethodHandle$Holder.invokeSpecial(java.lang.Object, java.lang.Object)'> (0x00000000895c10c8) 
thrown [s\open\src\hotspot\share\interpreter\linkResolver.cpp, line 796]
Event: 2.148 Thread 0x000001a1c5e67e90 Exception <a 'java/lang/NoSuchMethodError'{0x00000000895cacc0}: 'long java.lang.invoke.DirectMethodHandle$Holder.invokeStatic(java.lang.Object, java.lang.Object)'> (0x00000000895cacc0) 
thrown [s\open\src\hotspot\share\interpreter\linkResolver.cpp, line 796]
Event: 2.148 Thread 0x000001a1c5e67e90 Exception <a 'java/lang/NoSuchMethodError'{0x00000000895cddc0}: 'long java.lang.invoke.DirectMethodHandle$Holder.invokeStaticInit(java.lang.Object, java.lang.Object)'> (0x00000000895cddc0) 
thrown [s\open\src\hotspot\share\interpreter\linkResolver.cpp, line 796]
Event: 2.151 Thread 0x000001a1c5e67e90 Exception <a 'java/lang/NoSuchMethodError'{0x00000000894425e8}: 'long java.lang.invoke.DirectMethodHandle$Holder.invokeInterface(java.lang.Object, java.lang.Object)'> (0x00000000894425e8) 
thrown [s\open\src\hotspot\share\interpreter\linkResolver.cpp, line 796]
Event: 2.151 Thread 0x000001a1c5e67e90 Exception <a 'java/lang/IncompatibleClassChangeError'{0x0000000089445610}: Found class java.lang.Object, but interface was expected> (0x0000000089445610) 
thrown [s\open\src\hotspot\share\interpreter\linkResolver.cpp, line 863]
Event: 2.161 Thread 0x000001a1c5e67e90 Exception <a 'java/lang/NoSuchMethodError'{0x000000008945af98}: 'java.lang.Object java.lang.invoke.DirectMethodHandle$Holder.invokeVirtual(java.lang.Object, java.lang.Object, java.lang.Object, java.lang.Object)'> (0x000000008945af98) 
thrown [s\open\src\hotspot\share\interpreter\linkResolver.cpp, line 796]
Event: 2.368 Thread 0x000001a1dc4692d0 Exception <a 'java/lang/IncompatibleClassChangeError'{0x000000008b047ed8}: Found class java.lang.Object, but interface was expected> (0x000000008b047ed8) 
thrown [s\open\src\hotspot\share\interpreter\linkResolver.cpp, line 863]

VM Operations (20 events):
Event: 1.400 Executing VM operation: G1CollectForAllocation (G1 Evacuation Pause)
Event: 1.403 Executing VM operation: G1CollectForAllocation (G1 Evacuation Pause) done
Event: 1.512 Executing VM operation: HandshakeAllThreads (Deoptimize)
Event: 1.512 Executing VM operation: HandshakeAllThreads (Deoptimize) done
Event: 1.517 Executing VM operation: HandshakeAllThreads (Deoptimize)
Event: 1.517 Executing VM operation: HandshakeAllThreads (Deoptimize) done
Event: 1.548 Executing VM operation: HandshakeAllThreads (Deoptimize)
Event: 1.548 Executing VM operation: HandshakeAllThreads (Deoptimize) done
Event: 1.921 Executing VM operation: HandshakeAllThreads (Deoptimize)
Event: 1.928 Executing VM operation: HandshakeAllThreads (Deoptimize) done
Event: 2.001 Executing VM operation: HandshakeAllThreads (Deoptimize)
Event: 2.001 Executing VM operation: HandshakeAllThreads (Deoptimize) done
Event: 2.084 Executing VM operation: HandshakeAllThreads (Deoptimize)
Event: 2.084 Executing VM operation: HandshakeAllThreads (Deoptimize) done
Event: 2.281 Executing VM operation: HandshakeAllThreads (Deoptimize)
Event: 2.294 Executing VM operation: HandshakeAllThreads (Deoptimize) done
Event: 2.294 Executing VM operation: G1CollectForAllocation (G1 Evacuation Pause)
Event: 2.299 Executing VM operation: G1CollectForAllocation (G1 Evacuation Pause) done
Event: 2.380 Executing VM operation: HandshakeAllThreads (Deoptimize)
Event: 2.380 Executing VM operation: HandshakeAllThreads (Deoptimize) done

Memory protections (0 events):
No events

Nmethod flushes (0 events):
No events

Events (20 events):
Event: 0.039 Thread 0x000001a1dc4692d0 Thread added: 0x000001a1dc4692d0
Event: 0.055 Thread 0x000001a1dc4692d0 Thread added: 0x000001a1faaab740
Event: 0.055 Thread 0x000001a1dc4692d0 Thread added: 0x000001a1faaac560
Event: 0.057 Thread 0x000001a1dc4692d0 Thread added: 0x000001a1faaae5b0
Event: 0.057 Thread 0x000001a1dc4692d0 Thread added: 0x000001a1faab1020
Event: 0.057 Thread 0x000001a1dc4692d0 Thread added: 0x000001a1faab1a80
Event: 0.057 Thread 0x000001a1dc4692d0 Thread added: 0x000001a1faab24e0
Event: 0.057 Thread 0x000001a1dc4692d0 Thread added: 0x000001a1faabf2a0
Event: 0.058 Thread 0x000001a1dc4692d0 Thread added: 0x000001a1faac5260
Event: 0.104 Thread 0x000001a1dc4692d0 Thread added: 0x000001a1c50fe870
Event: 0.107 Thread 0x000001a1dc4692d0 Thread added: 0x000001a1c5104eb0
Event: 0.127 Thread 0x000001a1faabf2a0 Thread added: 0x000001a1c5214770
Event: 0.696 Thread 0x000001a1c5214770 Thread exited: 0x000001a1c5214770
Event: 1.404 Thread 0x000001a1faac5260 Thread added: 0x000001a1c5e160f0
Event: 1.528 Thread 0x000001a1dc4692d0 Thread added: 0x000001a1c5e67e90
Event: 1.735 Thread 0x000001a1c5e160f0 Thread exited: 0x000001a1c5e160f0
Event: 1.906 Thread 0x000001a1faac5260 Thread added: 0x000001a1c62741f0
Event: 2.254 Thread 0x000001a1dc4692d0 Thread added: 0x000001a1c6341af0
Event: 2.332 Thread 0x000001a1c6341af0 Thread exited: 0x000001a1c6341af0
Event: 2.442 Thread 0x000001a1c5e67e90 Thread exited: 0x000001a1c5e67e90


Dynamic libraries:
0x00007ff7cf170000 - 0x00007ff7cf180000 	C:\Program Files\Java\jdk-23\bin\java.exe
0x00007ffc2d7d0000 - 0x00007ffc2d9c8000 	C:\Windows\SYSTEM32\ntdll.dll
0x00007ffc2c240000 - 0x00007ffc2c302000 	C:\Windows\System32\KERNEL32.DLL
0x00007ffc2b3a0000 - 0x00007ffc2b69e000 	C:\Windows\System32\KERNELBASE.dll
0x00007ffc2b2a0000 - 0x00007ffc2b3a0000 	C:\Windows\System32\ucrtbase.dll
0x00007ffc0e740000 - 0x00007ffc0e757000 	C:\Program Files\Java\jdk-23\bin\jli.dll
0x00007ffbee290000 - 0x00007ffbee2ab000 	C:\Program Files\Java\jdk-23\bin\VCRUNTIME140.dll
0x00007ffc2bba0000 - 0x00007ffc2bd3d000 	C:\Windows\System32\USER32.dll
0x00007ffc2b6a0000 - 0x00007ffc2b6c2000 	C:\Windows\System32\win32u.dll
0x00007ffc2d360000 - 0x00007ffc2d38b000 	C:\Windows\System32\GDI32.dll
0x00007ffc2b6d0000 - 0x00007ffc2b7e7000 	C:\Windows\System32\gdi32full.dll
0x00007ffc2b150000 - 0x00007ffc2b1ed000 	C:\Windows\System32\msvcp_win.dll
0x00007ffc10e00000 - 0x00007ffc1109a000 	C:\Windows\WinSxS\amd64_microsoft.windows.common-controls_6595b64144ccf1df_6.0.19041.4355_none_60b8b9eb71f62e16\COMCTL32.dll
0x00007ffc2ce30000 - 0x00007ffc2cece000 	C:\Windows\System32\msvcrt.dll
0x00007ffc2ced0000 - 0x00007ffc2ceff000 	C:\Windows\System32\IMM32.DLL
0x00007ffc25bc0000 - 0x00007ffc25bcc000 	C:\Program Files\Java\jdk-23\bin\vcruntime140_1.dll
0x00007ffbc25d0000 - 0x00007ffbc265e000 	C:\Program Files\Java\jdk-23\bin\msvcp140.dll
0x00007ffbbd330000 - 0x00007ffbbe07f000 	C:\Program Files\Java\jdk-23\bin\server\jvm.dll
0x00007ffc2b800000 - 0x00007ffc2b8b2000 	C:\Windows\System32\ADVAPI32.dll
0x00007ffc2d6f0000 - 0x00007ffc2d790000 	C:\Windows\System32\sechost.dll
0x00007ffc2d440000 - 0x00007ffc2d563000 	C:\Windows\System32\RPCRT4.dll
0x00007ffc2afc0000 - 0x00007ffc2afe7000 	C:\Windows\System32\bcrypt.dll
0x00007ffc2c490000 - 0x00007ffc2c4fb000 	C:\Windows\System32\WS2_32.dll
0x00007ffc2a400000 - 0x00007ffc2a44b000 	C:\Windows\SYSTEM32\POWRPROF.dll
0x00007ffc10990000 - 0x00007ffc109b7000 	C:\Windows\SYSTEM32\WINMM.dll
0x00007ffc1f390000 - 0x00007ffc1f39a000 	C:\Windows\SYSTEM32\VERSION.dll
0x00007ffc2a270000 - 0x00007ffc2a282000 	C:\Windows\SYSTEM32\UMPDC.dll
0x00007ffc29690000 - 0x00007ffc296a2000 	C:\Windows\SYSTEM32\kernel.appcore.dll
0x00007ffc1f7f0000 - 0x00007ffc1f7fa000 	C:\Program Files\Java\jdk-23\bin\jimage.dll
0x00007ffc28a30000 - 0x00007ffc28c14000 	C:\Windows\SYSTEM32\DBGHELP.DLL
0x00007ffc196a0000 - 0x00007ffc196d4000 	C:\Windows\SYSTEM32\dbgcore.DLL
0x00007ffc2ae70000 - 0x00007ffc2aef2000 	C:\Windows\System32\bcryptPrimitives.dll
0x00007ffbe97c0000 - 0x00007ffbe97de000 	C:\Program Files\Java\jdk-23\bin\java.dll
0x00007ffc2c500000 - 0x00007ffc2c62b000 	C:\Windows\System32\ole32.dll
0x00007ffc2d000000 - 0x00007ffc2d353000 	C:\Windows\System32\combase.dll
0x00007ffc2c630000 - 0x00007ffc2cd9f000 	C:\Windows\System32\SHELL32.dll
0x00007ffc28c20000 - 0x00007ffc293c4000 	C:\Windows\SYSTEM32\windows.storage.dll
0x00007ffc2a8a0000 - 0x00007ffc2a8ce000 	C:\Windows\SYSTEM32\Wldp.dll
0x00007ffc2bad0000 - 0x00007ffc2bb9d000 	C:\Windows\System32\OLEAUT32.dll
0x00007ffc2c370000 - 0x00007ffc2c41d000 	C:\Windows\System32\SHCORE.dll
0x00007ffc2d690000 - 0x00007ffc2d6e5000 	C:\Windows\System32\shlwapi.dll
0x00007ffc2ada0000 - 0x00007ffc2adc4000 	C:\Windows\SYSTEM32\profapi.dll
0x00007ffbc3450000 - 0x00007ffbc3527000 	C:\Program Files\Java\jdk-23\bin\jsvml.dll
0x00007ffc1f410000 - 0x00007ffc1f420000 	C:\Program Files\Java\jdk-23\bin\net.dll
0x00007ffc2a600000 - 0x00007ffc2a66a000 	C:\Windows\system32\mswsock.dll
0x00007ffbd8d00000 - 0x00007ffbd8d16000 	C:\Program Files\Java\jdk-23\bin\nio.dll
0x00007ffbd6dc0000 - 0x00007ffbd6dd7000 	C:\Program Files\Java\jdk-23\bin\zip.dll
0x00007ffbe8980000 - 0x00007ffbe898e000 	C:\Program Files\Java\jdk-23\bin\sunmscapi.dll
0x00007ffc2aff0000 - 0x00007ffc2b14c000 	C:\Windows\System32\CRYPT32.dll
0x00007ffc2a910000 - 0x00007ffc2a937000 	C:\Windows\SYSTEM32\ncrypt.dll
0x00007ffc2a8d0000 - 0x00007ffc2a90b000 	C:\Windows\SYSTEM32\NTASN1.dll

dbghelp: loaded successfully - version: 4.0.5 - missing functions: none
symbol engine: initialized successfully - sym options: 0x614 - pdb path: .;C:\Program Files\Java\jdk-23\bin;C:\Windows\SYSTEM32;C:\Windows\WinSxS\amd64_microsoft.windows.common-controls_6595b64144ccf1df_6.0.19041.4355_none_60b8b9eb71f62e16;C:\Program Files\Java\jdk-23\bin\server

VM Arguments:
java_command: com.parkiran.Parkiran
java_class_path (initial): C:\Users\hadin\OneDrive\Documents\NetBeansProjects\parkiran\target\classes;C:\Users\hadin\.m2\repository\org\springframework\boot\spring-boot-starter-data-jpa\3.3.3\spring-boot-starter-data-jpa-3.3.3.jar;C:\Users\hadin\.m2\repository\org\springframework\boot\spring-boot-starter-aop\3.3.3\spring-boot-starter-aop-3.3.3.jar;C:\Users\hadin\.m2\repository\org\springframework\spring-aop\6.1.12\spring-aop-6.1.12.jar;C:\Users\hadin\.m2\repository\org\aspectj\aspectjweaver\1.9.22.1\aspectjweaver-1.9.22.1.jar;C:\Users\hadin\.m2\repository\org\springframework\boot\spring-boot-starter-jdbc\3.3.3\spring-boot-starter-jdbc-3.3.3.jar;C:\Users\hadin\.m2\repository\com\zaxxer\HikariCP\5.1.0\HikariCP-5.1.0.jar;C:\Users\hadin\.m2\repository\org\springframework\spring-jdbc\6.1.12\spring-jdbc-6.1.12.jar;C:\Users\hadin\.m2\repository\org\hibernate\orm\hibernate-core\6.5.2.Final\hibernate-core-6.5.2.Final.jar;C:\Users\hadin\.m2\repository\jakarta\persistence\jakarta.persistence-api\3.1.0\jakarta.persistence-api-3.1.0.jar;C:\Users\hadin\.m2\repository\jakarta\transaction\jakarta.transaction-api\2.0.1\jakarta.transaction-api-2.0.1.jar;C:\Users\hadin\.m2\repository\org\jboss\logging\jboss-logging\3.5.3.Final\jboss-logging-3.5.3.Final.jar;C:\Users\hadin\.m2\repository\org\hibernate\common\hibernate-commons-annotations\6.0.6.Final\hibernate-commons-annotations-6.0.6.Final.jar;C:\Users\hadin\.m2\repository\io\smallrye\jandex\3.1.2\jandex-3.1.2.jar;C:\Users\hadin\.m2\repository\com\fasterxml\classmate\1.7.0\classmate-1.7.0.jar;C:\Users\hadin\.m2\repository\net\bytebuddy\byte-buddy\1.14.19\byte-buddy-1.14.19.jar;C:\Users\hadin\.m2\repository\org\glassfish\jaxb\jaxb-runtime\4.0.5\jaxb-runtime-4.0.5.jar;C:\Users\hadin\.m2\repository\org\glassfish\jaxb\jaxb-core\4.0.5\jaxb-core-4.0.5.jar;C:\Users\hadin\.m2\repository\org\eclipse\angus\angus-activation\2.0.2\angus-activation-2.0.2.jar;C:\Users\hadin\.m2\repository\org\glassfish\jaxb\txw2\4.0.5\txw2-4.0.5.jar;C:\Users\hadin\.m2\repository\com\sun\istack\istack-commons-runtime\4.1.2\istack-commons-runtime-4.1.2.jar;C:\Users\hadin\.m2\repository\jakarta\inject\jakarta.inject-api\2.0.1\jakarta.inject-api-2.0.1.jar;C:\Users\hadin\.m2\repository\org\antlr\antlr4-runtime\4.13.0\antlr4-runtime-4.13.0.jar;C:\Users\hadin\.m2\repository\org\springframework\data\spring-data-jpa\3.3.3\spring-data-jpa-3.3.3.jar;C:\Users\hadin\.m2\repository\org\springframework\data\spring-data-commons\3.3.3\spring-data-commons-3.3.3.jar;C:\Users\hadin\.m2\repository\org\springframework\spring-orm\6.1.12\spring-orm-6.1.12.jar;C:\Users\hadin\.m2\repository\org\springframework\spring-context\6.1.12\spring-context-6.1.12.jar;C:\Users\hadin\.m2\repository\org\springframework\spring-tx\6.1.12\spring-tx-6.1.12.jar;C:\Users\hadin\.m2\repository\org\springframework\spring-beans\6.1.12\spring-beans-6.1.12.jar;C:\Users\hadin\.m2\repository\jakarta\annotation\jakarta.annotation-api\2.1.1\jakarta.annotation-api-2.1.1.jar;C:\Users\hadin\.m2\repository\org\slf4j\slf4j-api\2.0.16\slf4j-api-2.0.16.jar;C:\Users\hadin\.m2\repository\org\springframework\spring-aspects\6.1.12\spring-aspects-6.1.12.jar;C:\Users\hadin\.m2\repository\com\mysql\mysql-connector-j\8.0.33\mysql-connector-j-8.0.33.jar;C:\Users\hadin\.m2\repository\org\springframework\boot\spring-boot-starter-web\3.3.3\spring-boot-starter-web-3.3.3.jar;C:\Users\hadin\.m2\repository\org\springframework\boot\spring-boot-starter\3.3.3\spring-boot-starter-3.3.3.jar;C:\Users\hadin\.m2\repository\org\springframework\boot\spring-boot\3.3.3\spring-boot-3.3.3.jar;C:\Users\hadin\.m2\repository\org\springframework\boot\spring-boot-autoconfigure\3.3.3\spring-boot-autoconfigure-3.3.3.jar;C:\Users\hadin\.m2\repository\org\springframework\boot\spring-boot-starter-logging\3.3.3\spring-boot-starter-logging-3.3.3.jar;C:\Users\hadin\.m2\repository\ch\qos\logback\logback-classic\1.5.7\logback-classic-1.5.7.jar;C:\Users\hadin\.m2\repository\ch\qos\logback\logback-core\1.5.7\logback-core-1.5.7.jar;C:\Users\hadin\.m2\repository\org\apache\logging\log4j\log4j-to-slf4j\2.23.1\log4j-to-slf4j-2.23.1.jar;C:\Users\hadin\.m2\repository\org\apache\logging\log4j\log4j-api\2.23.1\log4j-api-2.23.1.jar;C:\Users\hadin\.m2\repository\org\slf4j\jul-to-slf4j\2.0.16\jul-to-slf4j-2.0.16.jar;C:\Users\hadin\.m2\repository\org\yaml\snakeyaml\2.2\snakeyaml-2.2.jar;C:\Users\hadin\.m2\repository\org\springframework\boot\spring-boot-starter-json\3.3.3\spring-boot-starter-json-3.3.3.jar;C:\Users\hadin\.m2\repository\com\fasterxml\jackson\core\jackson-databind\2.17.2\jackson-databind-2.17.2.jar;C:\Users\hadin\.m2\repository\com\fasterxml\jackson\core\jackson-annotations\2.17.2\jackson-annotations-2.17.2.jar;C:\Users\hadin\.m2\repository\com\fasterxml\jackson\core\jackson-core\2.17.2\jackson-core-2.17.2.jar;C:\Users\hadin\.m2\repository\com\fasterxml\jackson\datatype\jackson-datatype-jdk8\2.17.2\jackson-datatype-jdk8-2.17.2.jar;C:\Users\hadin\.m2\repository\com\fasterxml\jackson\datatype\jackson-datatype-jsr310\2.17.2\jackson-datatype-jsr310-2.17.2.jar;C:\Users\hadin\.m2\repository\com\fasterxml\jackson\module\jackson-module-parameter-names\2.17.2\jackson-module-parameter-names-2.17.2.jar;C:\Users\hadin\.m2\repository\org\springframework\boot\spring-boot-starter-tomcat\3.3.3\spring-boot-starter-tomcat-3.3.3.jar;C:\Users\hadin\.m2\repository\org\apache\tomcat\embed\tomcat-embed-core\10.1.28\tomcat-embed-core-10.1.28.jar;C:\Users\hadin\.m2\repository\org\apache\tomcat\embed\tomcat-embed-el\10.1.28\tomcat-embed-el-10.1.28.jar;C:\Users\hadin\.m2\repository\org\apache\tomcat\embed\tomcat-embed-websocket\10.1.28\tomcat-embed-websocket-10.1.28.jar;C:\Users\hadin\.m2\repository\org\springframework\spring-web\6.1.12\spring-web-6.1.12.jar;C:\Users\hadin\.m2\repository\io\micrometer\micrometer-observation\1.13.3\micrometer-observation-1.13.3.jar;C:\Users\hadin\.m2\repository\io\micrometer\micrometer-commons\1.13.3\micrometer-commons-1.13.3.jar;C:\Users\hadin\.m2\repository\org\springframework\spring-webmvc\6.1.12\spring-webmvc-6.1.12.jar;C:\Users\hadin\.m2\repository\org\springframework\spring-expression\6.1.12\spring-expression-6.1.12.jar;C:\Users\hadin\.m2\repository\jakarta\xml\bind\jakarta.xml.bind-api\4.0.2\jakarta.xml.bind-api-4.0.2.jar;C:\Users\hadin\.m2\repository\jakarta\activation\jakarta.activation-api\2.1.3\jakarta.activation-api-2.1.3.jar;C:\Users\hadin\.m2\repository\org\springframework\spring-core\6.1.12\spring-core-6.1.12.jar;C:\Users\hadin\.m2\repository\org\springframework\spring-jcl\6.1.12\spring-jcl-6.1.12.jar
Launcher Type: SUN_STANDARD

[Global flags]
     intx CICompilerCount                          = 3                                         {product} {ergonomic}
     uint ConcGCThreads                            = 1                                         {product} {ergonomic}
     uint G1ConcRefinementThreads                  = 4                                         {product} {ergonomic}
   size_t G1HeapRegionSize                         = 1048576                                   {product} {ergonomic}
   size_t InitialHeapSize                          = 132120576                                 {product} {ergonomic}
   size_t MarkStackSize                            = 4194304                                   {product} {ergonomic}
   size_t MarkStackSizeMax                         = 536870912                                 {product} {ergonomic}
   size_t MaxHeapSize                              = 2090860544                                {product} {ergonomic}
   size_t MaxNewSize                               = 1254096896                                {product} {ergonomic}
   size_t MinHeapDeltaBytes                        = 1048576                                   {product} {ergonomic}
   size_t MinHeapSize                              = 8388608                                   {product} {ergonomic}
    uintx NonNMethodCodeHeapSize                   = 5832704                                {pd product} {ergonomic}
    uintx NonProfiledCodeHeapSize                  = 122945536                              {pd product} {ergonomic}
    uintx ProfiledCodeHeapSize                     = 122880000                              {pd product} {ergonomic}
    uintx ReservedCodeCacheSize                    = 251658240                              {pd product} {ergonomic}
     bool SegmentedCodeCache                       = true                                      {product} {ergonomic}
   size_t SoftMaxHeapSize                          = 2090860544                             {manageable} {ergonomic}
     bool UseCompressedOops                        = true                           {product lp64_product} {ergonomic}
     bool UseG1GC                                  = true                                      {product} {ergonomic}
     bool UseLargePagesIndividualAllocation        = false                                  {pd product} {ergonomic}

Logging:
Log output configuration:
 #0: stdout all=warning uptime,level,tags foldmultilines=false
 #1: stderr all=off uptime,level,tags foldmultilines=false

Environment Variables:
JAVA_HOME=C:\Program Files\Java\jdk-23
PATH=C:\Program Files\Common Files\Oracle\Java\javapath;D:\oracle\product\10.2.0\db_1\bin;C:\Program Files (x86)\Common Files\Oracle\Java\javapath;C:\Windows\system32;C:\Windows;C:\Windows\System32\Wbem;C:\Windows\System32\WindowsPowerShell\v1.0\;C:\Windows\System32\OpenSSH\;D:\Git\cmd;C:\Program Files\nodejs\;C:\xampp\php;C:\Users\hadin\AppData\Local\Microsoft\WindowsApps;C:\Users\hadin\AppData\Local\Programs\Microsoft VS Code\bin;C:\Users\hadin\AppData\Local\GitHubDesktop\bin;C:\Users\hadin\AppData\Roaming\npm
USERNAME=hadin
OS=Windows_NT
PROCESSOR_IDENTIFIER=Intel64 Family 6 Model 140 Stepping 1, GenuineIntel
TMP=C:\Users\hadin\AppData\Local\Temp
TEMP=C:\Users\hadin\AppData\Local\Temp




Periodic native trim disabled

---------------  S Y S T E M  ---------------

OS:
 Windows 10 , 64 bit Build 19041 (10.0.19041.4957)
OS uptime: 0 days 1:39 hours

CPU: total 4 (initial active 4) (2 cores per cpu, 2 threads per core) family 6 model 140 stepping 1 microcode 0x86, cx8, cmov, fxsr, ht, mmx, 3dnowpref, sse, sse2, sse3, ssse3, sse4.1, sse4.2, popcnt, lzcnt, tsc, tscinvbit, avx, avx2, aes, erms, clmul, bmi1, bmi2, adx, avx512f, avx512dq, avx512cd, avx512bw, avx512vl, sha, fma, vzeroupper, avx512_vpopcntdq, avx512_vpclmulqdq, avx512_vaes, avx512_vnni, clflush, clflushopt, clwb, avx512_vbmi2, avx512_vbmi, rdtscp, rdpid, fsrm, gfni, avx512_bitalg, f16c, pku, cet_ibt, cet_ss, avx512_ifma
Processor Information for the first 4 processors :
  Max Mhz: 2995, Current Mhz: 2995, Mhz Limit: 2995

Memory: 4k page, system-wide physical 7975M (518M free)
TotalPageFile size 9867M (AvailPageFile size 3M)
current process WorkingSet (physical memory assigned to process): 130M, peak: 130M
current process commit charge ("private bytes"): 244M, peak: 244M

vm_info: Java HotSpot(TM) 64-Bit Server VM (23.0.1+11-39) for windows-amd64 JRE (23.0.1+11-39), built on 2024-09-30T07:20:43Z with MS VC++ 17.6 (VS2022)

END.
